# JRE version: Java(TM) SE Runtime Environment (8.0_66-b17) (build 1.8.0_66-b17)
# Java VM: Java HotSpot(TM) 64-Bit Server VM (25.66-b17 mixed mode windows-amd64 compressed oops)
Heap:
 PSYoungGen      total 221696K, used 181504K [0x00000000ebb80000, 0x00000000fd200000, 0x0000000100000000)
  eden space 199680K, 90% used [0x00000000ebb80000,0x00000000f6cc01b8,0x00000000f7e80000)
  from space 22016K, 0% used [0x00000000f7e80000,0x00000000f7e80000,0x00000000f9400000)
  to   space 22016K, 0% used [0x00000000fbc80000,0x00000000fbc80000,0x00000000fd200000)
 ParOldGen       total 121856K, used 42503K [0x00000000c3200000, 0x00000000ca900000, 0x00000000ebb80000)
  object space 121856K, 34% used [0x00000000c3200000,0x00000000c5b81d58,0x00000000ca900000)
 Metaspace       used 63178K, capacity 64232K, committed 64512K, reserved 1105920K
  class space    used 7951K, capacity 8188K, committed 8192K, reserved 1048576K
GC Heap History (10 events):
Event: 24.532 GC heap before
{Heap before GC invocations=14 (full 2):
 PSYoungGen      total 187392K, used 8694K [0x00000000ebb80000, 0x00000000f8b80000, 0x0000000100000000)
  eden space 178688K, 0% used [0x00000000ebb80000,0x00000000ebb80000,0x00000000f6a00000)
  from space 8704K, 99% used [0x00000000f8300000,0x00000000f8b7d818,0x00000000f8b80000)
  to   space 15360K, 0% used [0x00000000f6d80000,0x00000000f6d80000,0x00000000f7c80000)
 ParOldGen       total 53248K, used 22739K [0x00000000c3200000, 0x00000000c6600000, 0x00000000ebb80000)
  object space 53248K, 42% used [0x00000000c3200000,0x00000000c4834cb0,0x00000000c6600000)
 Metaspace       used 34632K, capacity 35300K, committed 35456K, reserved 1081344K
  class space    used 4300K, capacity 4473K, committed 4480K, reserved 1048576K
Event: 24.937 GC heap after
Heap after GC invocations=14 (full 2):
 PSYoungGen      total 187392K, used 0K [0x00000000ebb80000, 0x00000000f8b80000, 0x0000000100000000)
  eden space 178688K, 0% used [0x00000000ebb80000,0x00000000ebb80000,0x00000000f6a00000)
  from space 8704K, 0% used [0x00000000f8300000,0x00000000f8300000,0x00000000f8b80000)
  to   space 15360K, 0% used [0x00000000f6d80000,0x00000000f6d80000,0x00000000f7c80000)
 ParOldGen       total 82432K, used 28078K [0x00000000c3200000, 0x00000000c8280000, 0x00000000ebb80000)
  object space 82432K, 34% used [0x00000000c3200000,0x00000000c4d6b878,0x00000000c8280000)
 Metaspace       used 34632K, capacity 35300K, committed 35456K, reserved 1081344K
  class space    used 4300K, capacity 4473K, committed 4480K, reserved 1048576K
}
Event: 33.325 GC heap before
{Heap before GC invocations=15 (full 2):
 PSYoungGen      total 187392K, used 178688K [0x00000000ebb80000, 0x00000000f8b80000, 0x0000000100000000)
  eden space 178688K, 100% used [0x00000000ebb80000,0x00000000f6a00000,0x00000000f6a00000)
  from space 8704K, 0% used [0x00000000f8300000,0x00000000f8300000,0x00000000f8b80000)
  to   space 15360K, 0% used [0x00000000f6d80000,0x00000000f6d80000,0x00000000f7c80000)
 ParOldGen       total 82432K, used 28078K [0x00000000c3200000, 0x00000000c8280000, 0x00000000ebb80000)
  object space 82432K, 34% used [0x00000000c3200000,0x00000000c4d6b878,0x00000000c8280000)
 Metaspace       used 47371K, capacity 48142K, committed 48384K, reserved 1091584K
  class space    used 5910K, capacity 6143K, committed 6144K, reserved 1048576K
Event: 33.408 GC heap after
Heap after GC invocations=15 (full 2):
 PSYoungGen      total 197632K, used 15353K [0x00000000ebb80000, 0x00000000fa580000, 0x0000000100000000)
  eden space 182272K, 0% used [0x00000000ebb80000,0x00000000ebb80000,0x00000000f6d80000)
  from space 15360K, 99% used [0x00000000f6d80000,0x00000000f7c7e520,0x00000000f7c80000)
  to   space 17920K, 0% used [0x00000000f9400000,0x00000000f9400000,0x00000000fa580000)
 ParOldGen       total 82432K, used 29183K [0x00000000c3200000, 0x00000000c8280000, 0x00000000ebb80000)
  object space 82432K, 35% used [0x00000000c3200000,0x00000000c4e7fe00,0x00000000c8280000)
 Metaspace       used 47371K, capacity 48142K, committed 48384K, reserved 1091584K
  class space    used 5910K, capacity 6143K, committed 6144K, reserved 1048576K
}
Event: 40.489 GC heap before
{Heap before GC invocations=16 (full 2):
 PSYoungGen      total 197632K, used 197625K [0x00000000ebb80000, 0x00000000fa580000, 0x0000000100000000)
  eden space 182272K, 100% used [0x00000000ebb80000,0x00000000f6d80000,0x00000000f6d80000)
  from space 15360K, 99% used [0x00000000f6d80000,0x00000000f7c7e520,0x00000000f7c80000)
  to   space 17920K, 0% used [0x00000000f9400000,0x00000000f9400000,0x00000000fa580000)
 ParOldGen       total 82432K, used 29183K [0x00000000c3200000, 0x00000000c8280000, 0x00000000ebb80000)
  object space 82432K, 35% used [0x00000000c3200000,0x00000000c4e7fe00,0x00000000c8280000)
 Metaspace       used 55849K, capacity 56704K, committed 57216K, reserved 1099776K
  class space    used 7037K, capacity 7238K, committed 7296K, reserved 1048576K
Event: 40.618 GC heap after
Heap after GC invocations=16 (full 2):
 PSYoungGen      total 217600K, used 17917K [0x00000000ebb80000, 0x00000000fb280000, 0x0000000100000000)
  eden space 199680K, 0% used [0x00000000ebb80000,0x00000000ebb80000,0x00000000f7e80000)
  from space 17920K, 99% used [0x00000000f9400000,0x00000000fa57f7c8,0x00000000fa580000)
  to   space 22016K, 0% used [0x00000000f7e80000,0x00000000f7e80000,0x00000000f9400000)
 ParOldGen       total 82432K, used 34220K [0x00000000c3200000, 0x00000000c8280000, 0x00000000ebb80000)
  object space 82432K, 41% used [0x00000000c3200000,0x00000000c536b220,0x00000000c8280000)
 Metaspace       used 55849K, capacity 56704K, committed 57216K, reserved 1099776K
  class space    used 7037K, capacity 7238K, committed 7296K, reserved 1048576K
}
Event: 42.253 GC heap before
{Heap before GC invocations=17 (full 2):
 PSYoungGen      total 217600K, used 65375K [0x00000000ebb80000, 0x00000000fb280000, 0x0000000100000000)
  eden space 199680K, 23% used [0x00000000ebb80000,0x00000000ee9d8560,0x00000000f7e80000)
  from space 17920K, 99% used [0x00000000f9400000,0x00000000fa57f7c8,0x00000000fa580000)
  to   space 22016K, 0% used [0x00000000f7e80000,0x00000000f7e80000,0x00000000f9400000)
 ParOldGen       total 82432K, used 34220K [0x00000000c3200000, 0x00000000c8280000, 0x00000000ebb80000)
  object space 82432K, 41% used [0x00000000c3200000,0x00000000c536b220,0x00000000c8280000)
 Metaspace       used 57826K, capacity 58724K, committed 59096K, reserved 1101824K
  class space    used 7272K, capacity 7500K, committed 7552K, reserved 1048576K
Event: 42.346 GC heap after
Heap after GC invocations=17 (full 2):
 PSYoungGen      total 221696K, used 2883K [0x00000000ebb80000, 0x00000000fd200000, 0x0000000100000000)
  eden space 199680K, 0% used [0x00000000ebb80000,0x00000000ebb80000,0x00000000f7e80000)
  from space 22016K, 13% used [0x00000000f7e80000,0x00000000f8150c90,0x00000000f9400000)
  to   space 22016K, 0% used [0x00000000fbc80000,0x00000000fbc80000,0x00000000fd200000)
 ParOldGen       total 82432K, used 50191K [0x00000000c3200000, 0x00000000c8280000, 0x00000000ebb80000)
  object space 82432K, 60% used [0x00000000c3200000,0x00000000c6303dd8,0x00000000c8280000)
 Metaspace       used 57826K, capacity 58724K, committed 59096K, reserved 1101824K
  class space    used 7272K, capacity 7500K, committed 7552K, reserved 1048576K
}
Event: 42.346 GC heap before
{Heap before GC invocations=18 (full 3):
 PSYoungGen      total 221696K, used 2883K [0x00000000ebb80000, 0x00000000fd200000, 0x0000000100000000)
  eden space 199680K, 0% used [0x00000000ebb80000,0x00000000ebb80000,0x00000000f7e80000)
  from space 22016K, 13% used [0x00000000f7e80000,0x00000000f8150c90,0x00000000f9400000)
  to   space 22016K, 0% used [0x00000000fbc80000,0x00000000fbc80000,0x00000000fd200000)
 ParOldGen       total 82432K, used 50191K [0x00000000c3200000, 0x00000000c8280000, 0x00000000ebb80000)
  object space 82432K, 60% used [0x00000000c3200000,0x00000000c6303dd8,0x00000000c8280000)
 Metaspace       used 57826K, capacity 58724K, committed 59096K, reserved 1101824K
  class space    used 7272K, capacity 7500K, committed 7552K, reserved 1048576K
Event: 43.244 GC heap after
Heap after GC invocations=18 (full 3):
 PSYoungGen      total 221696K, used 0K [0x00000000ebb80000, 0x00000000fd200000, 0x0000000100000000)
  eden space 199680K, 0% used [0x00000000ebb80000,0x00000000ebb80000,0x00000000f7e80000)
  from space 22016K, 0% used [0x00000000f7e80000,0x00000000f7e80000,0x00000000f9400000)
  to   space 22016K, 0% used [0x00000000fbc80000,0x00000000fbc80000,0x00000000fd200000)
 ParOldGen       total 121856K, used 42503K [0x00000000c3200000, 0x00000000ca900000, 0x00000000ebb80000)
  object space 121856K, 34% used [0x00000000c3200000,0x00000000c5b81d58,0x00000000ca900000)
 Metaspace       used 57826K, capacity 58724K, committed 59096K, reserved 1101824K
  class space    used 7272K, capacity 7500K, committed 7552K, reserved 1048576K
}

